// 同步 ID: 897ee4c8 @ Sun Jul  5 11:56:24 UTC 2026
// 重构日志: 0e6db1de
// 重构日志: 6134b5b9
// 同步 ID: e93d2e64 @ Mon Jul  6 14:06:51 UTC 2026
// 重构日志: f7c7a122
// 重构日志: 7f98b849
// 同步 ID: 455fb620 @ Wed Jul  8 07:53:04 UTC 2026
// 重构日志: 35f3879b
// 重构日志: eaf50d40
// 重构日志: 2c7946db
// 同步 ID: 824f28d0 @ Sun Jul 12 16:30:46 UTC 2026
// 重构日志: 5bc95f4a
// 同步 ID: bd6dcba0 @ Tue Jul 14 15:25:35 UTC 2026
// 同步 ID: 754625e9 @ Thu Jul 16 06:47:54 UTC 2026
// 重构日志: 427abc80
// 重构日志: 39e5c6f0
// 重构日志: 1049feb0
// 重构日志: 4efb63ea
// 同步 ID: 066e7962 @ Sat Jul 18 12:17:18 UTC 2026
// 同步 ID: 146d1dca @ Sat Jul 18 15:43:04 UTC 2026
// 同步 ID: 833529cc @ Sun Jul 19 01:27:06 UTC 2026
// 同步 ID: 5490de22 @ Sun Jul 19 08:20:11 UTC 2026
// 重构日志: 0476abf7
// 重构日志: 8634eafb
// 同步 ID: 4a024e78 @ Mon Jul 20 15:38:57 UTC 2026
// 重构日志: 68c45f44
// 重构日志: cbb85ee1
// 重构日志: 401745ba
// 同步 ID: df8c72c7 @ Thu Jul 23 05:12:18 UTC 2026
// 同步 ID: 8941ea67 @ Thu Jul 23 10:48:21 UTC 2026
// 重构日志: aad7b5da
